Start time: 22:48:12 on Dec 06,2024
qverilog mod12counter.sv 
-- Compiling package counter_trans
-- Compiling package mod12counter_sv_unit
-- Importing package counter_trans
-- Compiling module counter
-- Compiling interface count_if
-- Compiling module top

Top level modules:
	top
# vsim -lib work work.mod12counter_sv_unit work.top -c -do "run -all; quit -f" -appendlog -l qverilog.log -vopt 
# ** Note: (vsim-3813) Design is being optimized due to module recompilation...
# //  Questa Sim
# //  Version 2022.1 linux Jan 29 2022
# //
# //  Copyright 1991-2022 Mentor Graphics Corporation
# //  All Rights Reserved.
# //
# //  QuestaSim and its associated documentation contain trade
# //  secrets and commercial or financial information that are the property of
# //  Mentor Graphics Corporation and are privileged, confidential,
# //  and exempt from disclosure under the Freedom of Information Act,
# //  5 U.S.C. Section 552. Furthermore, this information
# //  is prohibited from disclosure under the Trade Secrets Act,
# //  18 U.S.C. Section 1905.
# //
# Loading sv_std.std
# Loading work.counter_trans(fast)
# Loading work.mod12counter_sv_unit(fast)
# Loading work.top(fast)
# Loading work.count_if(fast)
# run -all
# WM Start
# Read Start
# 
#  /////////////////////////////////////////////
# 
#  Input String Message 
# Data from Read Monitor 
# 
#  5 ---- tr_id -         100, rst - 0 load - 0 mode - 0 data_in -  0 data_out -  x 
# 
#  /////////////////////////////////////////////
# 
#  /////////////////////////////////////////////
# 
#  Input String Message reference Model Data 
# 
#  5 ---- tr_id -         100, rst - 0 load - 0 mode - 0 data_in -  0 data_out -  x 
# 
#  /////////////////////////////////////////////
# Data Mismatch
# 
#  /////////////////////////////////////////////
# 
#  Input String Message 
# Data from Read Monitor 
# 
#  15 ---- tr_id -         100, rst - 0 load - 0 mode - 0 data_in -  0 data_out -  x 
# 
#  /////////////////////////////////////////////
# 
#  /////////////////////////////////////////////
# 
#  Input String Message reference Model Data 
# 
#  15 ---- tr_id -         100, rst - 0 load - 0 mode - 1 data_in -  7 data_out -  x 
# 
#  /////////////////////////////////////////////
# Data Mismatch
# 
#  /////////////////////////////////////////////
# 
#  Input String Message 
# Data from Read Monitor 
# 
#  25 ---- tr_id -         100, rst - 0 load - 0 mode - 0 data_in -  0 data_out -  x 
# 
#  /////////////////////////////////////////////
# 
#  /////////////////////////////////////////////
# 
#  Input String Message reference Model Data 
# 
#  25 ---- tr_id -         100, rst - 0 load - 1 mode - 0 data_in -  0 data_out -  x 
# 
#  /////////////////////////////////////////////
# Data Mismatch
# 
#  /////////////////////////////////////////////
# 
#  Input String Message 
# Data from Read Monitor 
# 
#  35 ---- tr_id -         100, rst - 0 load - 0 mode - 0 data_in -  0 data_out -  0 
# 
#  /////////////////////////////////////////////
# 
#  /////////////////////////////////////////////
# 
#  Input String Message reference Model Data 
# 
#  35 ---- tr_id -         100, rst - 1 load - 1 mode - 0 data_in -  5 data_out -  0 
# 
#  /////////////////////////////////////////////
# Data Verified
# 
#  /////////////////////////////////////////////
# 
#  Input String Message 
# Data from Read Monitor 
# 
#  45 ---- tr_id -         100, rst - 0 load - 0 mode - 0 data_in -  0 data_out -  0 
# 
#  /////////////////////////////////////////////
# 
#  /////////////////////////////////////////////
# 
#  Input String Message reference Model Data 
# 
#  45 ---- tr_id -         100, rst - 0 load - 0 mode - 0 data_in - 11 data_out -  0 
# 
#  /////////////////////////////////////////////
# Data Verified
# 
#  /////////////////////////////////////////////
# 
#  Input String Message 
# Data from Read Monitor 
# 
#  55 ---- tr_id -         100, rst - 0 load - 0 mode - 0 data_in -  0 data_out - 11 
# 
#  /////////////////////////////////////////////
# 
#  /////////////////////////////////////////////
# 
#  Input String Message reference Model Data 
# 
#  55 ---- tr_id -         100, rst - 0 load - 0 mode - 0 data_in -  0 data_out - 11 
# 
#  /////////////////////////////////////////////
# Data Verified
# 
#  /////////////////////////////////////////////
# 
#  Input String Message 
# Data from Read Monitor 
# 
#  65 ---- tr_id -         100, rst - 0 load - 0 mode - 0 data_in -  0 data_out - 10 
# 
#  /////////////////////////////////////////////
# 
#  /////////////////////////////////////////////
# 
#  Input String Message reference Model Data 
# 
#  65 ---- tr_id -         100, rst - 1 load - 0 mode - 0 data_in -  2 data_out - 10 
# 
#  /////////////////////////////////////////////
# Data Verified
# 
#  /////////////////////////////////////////////
# 
#  Input String Message 
# Data from Read Monitor 
# 
#  75 ---- tr_id -         100, rst - 0 load - 0 mode - 0 data_in -  0 data_out -  0 
# 
#  /////////////////////////////////////////////
# 
#  /////////////////////////////////////////////
# 
#  Input String Message reference Model Data 
# 
#  75 ---- tr_id -         100, rst - 0 load - 0 mode - 0 data_in -  9 data_out -  0 
# 
#  /////////////////////////////////////////////
# Data Verified
# 
#  /////////////////////////////////////////////
# 
#  Input String Message 
# Data from Read Monitor 
# 
#  85 ---- tr_id -         100, rst - 0 load - 0 mode - 0 data_in -  0 data_out - 11 
# 
#  /////////////////////////////////////////////
# 
#  /////////////////////////////////////////////
# 
#  Input String Message reference Model Data 
# 
#  85 ---- tr_id -         100, rst - 0 load - 0 mode - 0 data_in -  4 data_out - 11 
# 
#  /////////////////////////////////////////////
# Data Verified
# 
#  /////////////////////////////////////////////
# 
#  Input String Message 
# Data from Read Monitor 
# 
#  95 ---- tr_id -         100, rst - 0 load - 0 mode - 0 data_in -  0 data_out - 10 
# 
#  /////////////////////////////////////////////
# 
#  /////////////////////////////////////////////
# 
#  Input String Message reference Model Data 
# 
#  95 ---- tr_id -         100, rst - 0 load - 1 mode - 0 data_in -  4 data_out - 10 
# 
#  /////////////////////////////////////////////
# Data Verified
# 
#  /////////////////////////////////////////////
# 
#  Input String Message 
# Data from Read Monitor 
# 
#  105 ---- tr_id -         100, rst - 0 load - 0 mode - 0 data_in -  0 data_out -  4 
# 
#  /////////////////////////////////////////////
# 
#  /////////////////////////////////////////////
# 
#  Input String Message reference Model Data 
# 
#  105 ---- tr_id -         100, rst - 0 load - 1 mode - 0 data_in -  1 data_out -  4 
# 
#  /////////////////////////////////////////////
# Data Verified
# 
#  /////////////////////////////////////////////
# 
#  Input String Message 
# Data from Read Monitor 
# 
#  115 ---- tr_id -         100, rst - 0 load - 0 mode - 0 data_in -  0 data_out -  1 
# 
#  /////////////////////////////////////////////
# 
#  /////////////////////////////////////////////
# 
#  Input String Message reference Model Data 
# 
#  115 ---- tr_id -         100, rst - 0 load - 0 mode - 1 data_in -  4 data_out -  1 
# 
#  /////////////////////////////////////////////
# Data Verified
# 
#  /////////////////////////////////////////////
# 
#  Input String Message 
# Data from Read Monitor 
# 
#  125 ---- tr_id -         100, rst - 0 load - 0 mode - 0 data_in -  0 data_out -  2 
# 
#  /////////////////////////////////////////////
# 
#  /////////////////////////////////////////////
# 
#  Input String Message reference Model Data 
# 
#  125 ---- tr_id -         100, rst - 0 load - 1 mode - 1 data_in - 11 data_out -  2 
# 
#  /////////////////////////////////////////////
# Data Verified
# 
#  /////////////////////////////////////////////
# 
#  Input String Message 
# Data from Read Monitor 
# 
#  135 ---- tr_id -         100, rst - 0 load - 0 mode - 0 data_in -  0 data_out - 11 
# 
#  /////////////////////////////////////////////
# 
#  /////////////////////////////////////////////
# 
#  Input String Message reference Model Data 
# 
#  135 ---- tr_id -         100, rst - 0 load - 0 mode - 0 data_in -  9 data_out - 11 
# 
#  /////////////////////////////////////////////
# Data Verified
# 
#  /////////////////////////////////////////////
# 
#  Input String Message 
# Data from Read Monitor 
# 
#  145 ---- tr_id -         100, rst - 0 load - 0 mode - 0 data_in -  0 data_out - 10 
# 
#  /////////////////////////////////////////////
# 
#  /////////////////////////////////////////////
# 
#  Input String Message reference Model Data 
# 
#  145 ---- tr_id -         100, rst - 0 load - 0 mode - 0 data_in -  9 data_out - 10 
# 
#  /////////////////////////////////////////////
# Data Verified
# 
#  /////////////////////////////////////////////
# 
#  Input String Message 
# Data from Read Monitor 
# 
#  155 ---- tr_id -         100, rst - 0 load - 0 mode - 0 data_in -  0 data_out -  9 
# 
#  /////////////////////////////////////////////
# 
#  /////////////////////////////////////////////
# 
#  Input String Message reference Model Data 
# 
#  155 ---- tr_id -         100, rst - 0 load - 1 mode - 1 data_in -  9 data_out -  9 
# 
#  /////////////////////////////////////////////
# Data Verified
# 
#  /////////////////////////////////////////////
# 
#  Input String Message 
# Data from Read Monitor 
# 
#  165 ---- tr_id -         100, rst - 0 load - 0 mode - 0 data_in -  0 data_out -  9 
# 
#  /////////////////////////////////////////////
# 
#  /////////////////////////////////////////////
# 
#  Input String Message reference Model Data 
# 
#  165 ---- tr_id -         100, rst - 0 load - 1 mode - 0 data_in -  1 data_out -  9 
# 
#  /////////////////////////////////////////////
# Data Verified
# 
#  /////////////////////////////////////////////
# 
#  Input String Message 
# Data from Read Monitor 
# 
#  175 ---- tr_id -         100, rst - 0 load - 0 mode - 0 data_in -  0 data_out -  1 
# 
#  /////////////////////////////////////////////
# 
#  /////////////////////////////////////////////
# 
#  Input String Message reference Model Data 
# 
#  175 ---- tr_id -         100, rst - 0 load - 0 mode - 0 data_in -  5 data_out -  1 
# 
#  /////////////////////////////////////////////
# Data Verified
# 
#  /////////////////////////////////////////////
# 
#  Input String Message 
# Data from Read Monitor 
# 
#  185 ---- tr_id -         100, rst - 0 load - 0 mode - 0 data_in -  0 data_out -  0 
# 
#  /////////////////////////////////////////////
# 
#  /////////////////////////////////////////////
# 
#  Input String Message reference Model Data 
# 
#  185 ---- tr_id -         100, rst - 1 load - 1 mode - 0 data_in -  4 data_out -  0 
# 
#  /////////////////////////////////////////////
# Data Verified
# 
#  /////////////////////////////////////////////
# 
#  Input String Message 
# Data from Read Monitor 
# 
#  195 ---- tr_id -         100, rst - 0 load - 0 mode - 0 data_in -  0 data_out -  0 
# 
#  /////////////////////////////////////////////
# 
#  /////////////////////////////////////////////
# 
#  Input String Message reference Model Data 
# 
#  195 ---- tr_id -         100, rst - 0 load - 0 mode - 0 data_in - 10 data_out -  0 
# 
#  /////////////////////////////////////////////
# Data Verified
# 
#  /////////////////////////////////////////////
# 
#  Input String Message 
# Data from Read Monitor 
# 
#  205 ---- tr_id -         100, rst - 0 load - 0 mode - 0 data_in -  0 data_out - 11 
# 
#  /////////////////////////////////////////////
# 
#  /////////////////////////////////////////////
# 
#  Input String Message reference Model Data 
# 
#  205 ---- tr_id -         100, rst - 0 load - 0 mode - 1 data_in -  3 data_out - 11 
# 
#  /////////////////////////////////////////////
# Data Verified
# 
#  /////////////////////////////////////////////
# 
#  Input String Message 
# Data from Read Monitor 
# 
#  215 ---- tr_id -         100, rst - 0 load - 0 mode - 0 data_in -  0 data_out -  0 
# 
#  /////////////////////////////////////////////
# 
#  /////////////////////////////////////////////
# 
#  Input String Message reference Model Data 
# 
#  215 ---- tr_id -         100, rst - 1 load - 0 mode - 1 data_in -  6 data_out -  0 
# 
#  /////////////////////////////////////////////
# Data Verified
# 
#  /////////////////////////////////////////////
# 
#  Input String Message 
# Data from Read Monitor 
# 
#  225 ---- tr_id -         100, rst - 0 load - 0 mode - 0 data_in -  0 data_out -  0 
# 
#  /////////////////////////////////////////////
# 
#  /////////////////////////////////////////////
# 
#  Input String Message reference Model Data 
# 
#  225 ---- tr_id -         100, rst - 0 load - 0 mode - 1 data_in -  8 data_out -  0 
# 
#  /////////////////////////////////////////////
# Data Verified
# 
#  /////////////////////////////////////////////
# 
#  Input String Message 
# Data from Read Monitor 
# 
#  235 ---- tr_id -         100, rst - 0 load - 0 mode - 0 data_in -  0 data_out -  1 
# 
#  /////////////////////////////////////////////
# 
#  /////////////////////////////////////////////
# 
#  Input String Message reference Model Data 
# 
#  235 ---- tr_id -         100, rst - 0 load - 0 mode - 1 data_in -  1 data_out -  1 
# 
#  /////////////////////////////////////////////
# Data Verified
# 
#  /////////////////////////////////////////////
# 
#  Input String Message 
# Data from Read Monitor 
# 
#  245 ---- tr_id -         100, rst - 0 load - 0 mode - 0 data_in -  0 data_out -  2 
# 
#  /////////////////////////////////////////////
# 
#  /////////////////////////////////////////////
# 
#  Input String Message reference Model Data 
# 
#  245 ---- tr_id -         100, rst - 1 load - 0 mode - 0 data_in -  7 data_out -  2 
# 
#  /////////////////////////////////////////////
# Data Verified
# 
#  /////////////////////////////////////////////
# 
#  Input String Message 
# Data from Read Monitor 
# 
#  255 ---- tr_id -         100, rst - 0 load - 0 mode - 0 data_in -  0 data_out -  0 
# 
#  /////////////////////////////////////////////
# 
#  /////////////////////////////////////////////
# 
#  Input String Message reference Model Data 
# 
#  255 ---- tr_id -         100, rst - 0 load - 0 mode - 1 data_in -  3 data_out -  0 
# 
#  /////////////////////////////////////////////
# Data Verified
# 
#  /////////////////////////////////////////////
# 
#  Input String Message 
# Data from Read Monitor 
# 
#  265 ---- tr_id -         100, rst - 0 load - 0 mode - 0 data_in -  0 data_out -  1 
# 
#  /////////////////////////////////////////////
# 
#  /////////////////////////////////////////////
# 
#  Input String Message reference Model Data 
# 
#  265 ---- tr_id -         100, rst - 0 load - 1 mode - 1 data_in -  0 data_out -  1 
# 
#  /////////////////////////////////////////////
# Data Verified
# 
#  /////////////////////////////////////////////
# 
#  Input String Message 
# Data from Read Monitor 
# 
#  275 ---- tr_id -         100, rst - 0 load - 0 mode - 0 data_in -  0 data_out -  0 
# 
#  /////////////////////////////////////////////
# 
#  /////////////////////////////////////////////
# 
#  Input String Message reference Model Data 
# 
#  275 ---- tr_id -         100, rst - 0 load - 0 mode - 1 data_in -  5 data_out -  0 
# 
#  /////////////////////////////////////////////
# Data Verified
# 
#  /////////////////////////////////////////////
# 
#  Input String Message 
# Data from Read Monitor 
# 
#  285 ---- tr_id -         100, rst - 0 load - 0 mode - 0 data_in -  0 data_out -  1 
# 
#  /////////////////////////////////////////////
# 
#  /////////////////////////////////////////////
# 
#  Input String Message reference Model Data 
# 
#  285 ---- tr_id -         100, rst - 0 load - 0 mode - 0 data_in -  5 data_out -  1 
# 
#  /////////////////////////////////////////////
# Data Verified
# 
#  /////////////////////////////////////////////
# 
#  Input String Message 
# Data from Read Monitor 
# 
#  295 ---- tr_id -         100, rst - 0 load - 0 mode - 0 data_in -  0 data_out -  0 
# 
#  /////////////////////////////////////////////
# 
#  /////////////////////////////////////////////
# 
#  Input String Message reference Model Data 
# 
#  295 ---- tr_id -         100, rst - 0 load - 1 mode - 0 data_in -  0 data_out -  0 
# 
#  /////////////////////////////////////////////
# Data Verified
# 
#  /////////////////////////////////////////////
# 
#  Input String Message 
# Data from Read Monitor 
# 
#  305 ---- tr_id -         100, rst - 0 load - 0 mode - 0 data_in -  0 data_out -  0 
# 
#  /////////////////////////////////////////////
# 
#  /////////////////////////////////////////////
# 
#  Input String Message reference Model Data 
# 
#  305 ---- tr_id -         100, rst - 0 load - 0 mode - 0 data_in -  3 data_out -  0 
# 
#  /////////////////////////////////////////////
# Data Verified
# 
#  /////////////////////////////////////////////
# 
#  Input String Message 
# Data from Read Monitor 
# 
#  315 ---- tr_id -         100, rst - 0 load - 0 mode - 0 data_in -  0 data_out - 11 
# 
#  /////////////////////////////////////////////
# 
#  /////////////////////////////////////////////
# 
#  Input String Message reference Model Data 
# 
#  315 ---- tr_id -         100, rst - 0 load - 0 mode - 0 data_in -  3 data_out - 11 
# 
#  /////////////////////////////////////////////
# Data Verified
# 
#  /////////////////////////////////////////////
# 
#  Input String Message 
# Data from Read Monitor 
# 
#  325 ---- tr_id -         100, rst - 0 load - 0 mode - 0 data_in -  0 data_out - 10 
# 
#  /////////////////////////////////////////////
# 
#  /////////////////////////////////////////////
# 
#  Input String Message reference Model Data 
# 
#  325 ---- tr_id -         100, rst - 0 load - 0 mode - 0 data_in -  8 data_out - 10 
# 
#  /////////////////////////////////////////////
# Data Verified
# 
#  /////////////////////////////////////////////
# 
#  Input String Message 
# Data from Read Monitor 
# 
#  335 ---- tr_id -         100, rst - 0 load - 0 mode - 0 data_in -  0 data_out -  9 
# 
#  /////////////////////////////////////////////
# 
#  /////////////////////////////////////////////
# 
#  Input String Message reference Model Data 
# 
#  335 ---- tr_id -         100, rst - 0 load - 0 mode - 1 data_in -  4 data_out -  9 
# 
#  /////////////////////////////////////////////
# Data Verified
# 
#  /////////////////////////////////////////////
# 
#  Input String Message 
# Data from Read Monitor 
# 
#  345 ---- tr_id -         100, rst - 0 load - 0 mode - 0 data_in -  0 data_out - 10 
# 
#  /////////////////////////////////////////////
# 
#  /////////////////////////////////////////////
# 
#  Input String Message reference Model Data 
# 
#  345 ---- tr_id -         100, rst - 0 load - 0 mode - 0 data_in -  9 data_out - 10 
# 
#  /////////////////////////////////////////////
# Data Verified
# 
#  /////////////////////////////////////////////
# 
#  Input String Message 
# Data from Read Monitor 
# 
#  355 ---- tr_id -         100, rst - 0 load - 0 mode - 0 data_in -  0 data_out -  9 
# 
#  /////////////////////////////////////////////
# 
#  /////////////////////////////////////////////
# 
#  Input String Message reference Model Data 
# 
#  355 ---- tr_id -         100, rst - 0 load - 0 mode - 1 data_in -  1 data_out -  9 
# 
#  /////////////////////////////////////////////
# Data Verified
# 
#  /////////////////////////////////////////////
# 
#  Input String Message 
# Data from Read Monitor 
# 
#  365 ---- tr_id -         100, rst - 0 load - 0 mode - 0 data_in -  0 data_out - 10 
# 
#  /////////////////////////////////////////////
# 
#  /////////////////////////////////////////////
# 
#  Input String Message reference Model Data 
# 
#  365 ---- tr_id -         100, rst - 0 load - 0 mode - 1 data_in -  3 data_out - 10 
# 
#  /////////////////////////////////////////////
# Data Verified
# 
#  /////////////////////////////////////////////
# 
#  Input String Message 
# Data from Read Monitor 
# 
#  375 ---- tr_id -         100, rst - 0 load - 0 mode - 0 data_in -  0 data_out - 11 
# 
#  /////////////////////////////////////////////
# 
#  /////////////////////////////////////////////
# 
#  Input String Message reference Model Data 
# 
#  375 ---- tr_id -         100, rst - 0 load - 1 mode - 0 data_in -  0 data_out - 11 
# 
#  /////////////////////////////////////////////
# Data Verified
# 
#  /////////////////////////////////////////////
# 
#  Input String Message 
# Data from Read Monitor 
# 
#  385 ---- tr_id -         100, rst - 0 load - 0 mode - 0 data_in -  0 data_out -  0 
# 
#  /////////////////////////////////////////////
# 
#  /////////////////////////////////////////////
# 
#  Input String Message reference Model Data 
# 
#  385 ---- tr_id -         100, rst - 0 load - 0 mode - 1 data_in -  2 data_out -  0 
# 
#  /////////////////////////////////////////////
# Data Verified
# 
#  /////////////////////////////////////////////
# 
#  Input String Message 
# Data from Read Monitor 
# 
#  395 ---- tr_id -         100, rst - 0 load - 0 mode - 0 data_in -  0 data_out -  1 
# 
#  /////////////////////////////////////////////
# 
#  /////////////////////////////////////////////
# 
#  Input String Message reference Model Data 
# 
#  395 ---- tr_id -         100, rst - 0 load - 0 mode - 1 data_in - 11 data_out -  1 
# 
#  /////////////////////////////////////////////
# Data Verified
# 
#  /////////////////////////////////////////////
# 
#  Input String Message 
# Data from Read Monitor 
# 
#  405 ---- tr_id -         100, rst - 0 load - 0 mode - 0 data_in -  0 data_out -  2 
# 
#  /////////////////////////////////////////////
# 
#  /////////////////////////////////////////////
# 
#  Input String Message reference Model Data 
# 
#  405 ---- tr_id -         100, rst - 0 load - 0 mode - 0 data_in -  6 data_out -  2 
# 
#  /////////////////////////////////////////////
# Data Verified
# 
#  /////////////////////////////////////////////
# 
#  Input String Message 
# Data from Read Monitor 
# 
#  415 ---- tr_id -         100, rst - 0 load - 0 mode - 0 data_in -  0 data_out -  1 
# 
#  /////////////////////////////////////////////
# 
#  /////////////////////////////////////////////
# 
#  Input String Message reference Model Data 
# 
#  415 ---- tr_id -         100, rst - 0 load - 0 mode - 0 data_in -  5 data_out -  1 
# 
#  /////////////////////////////////////////////
# Data Verified
# 
#  /////////////////////////////////////////////
# 
#  Input String Message 
# Data from Read Monitor 
# 
#  425 ---- tr_id -         100, rst - 0 load - 0 mode - 0 data_in -  0 data_out -  0 
# 
#  /////////////////////////////////////////////
# 
#  /////////////////////////////////////////////
# 
#  Input String Message reference Model Data 
# 
#  425 ---- tr_id -         100, rst - 0 load - 0 mode - 1 data_in -  2 data_out -  0 
# 
#  /////////////////////////////////////////////
# Data Verified
# 
#  /////////////////////////////////////////////
# 
#  Input String Message 
# Data from Read Monitor 
# 
#  435 ---- tr_id -         100, rst - 0 load - 0 mode - 0 data_in -  0 data_out -  1 
# 
#  /////////////////////////////////////////////
# 
#  /////////////////////////////////////////////
# 
#  Input String Message reference Model Data 
# 
#  435 ---- tr_id -         100, rst - 0 load - 0 mode - 1 data_in -  0 data_out -  1 
# 
#  /////////////////////////////////////////////
# Data Verified
# 
#  /////////////////////////////////////////////
# 
#  Input String Message 
# Data from Read Monitor 
# 
#  445 ---- tr_id -         100, rst - 0 load - 0 mode - 0 data_in -  0 data_out -  2 
# 
#  /////////////////////////////////////////////
# 
#  /////////////////////////////////////////////
# 
#  Input String Message reference Model Data 
# 
#  445 ---- tr_id -         100, rst - 0 load - 0 mode - 0 data_in -  9 data_out -  2 
# 
#  /////////////////////////////////////////////
# Data Verified
# 
#  /////////////////////////////////////////////
# 
#  Input String Message 
# Data from Read Monitor 
# 
#  455 ---- tr_id -         100, rst - 0 load - 0 mode - 0 data_in -  0 data_out -  1 
# 
#  /////////////////////////////////////////////
# 
#  /////////////////////////////////////////////
# 
#  Input String Message reference Model Data 
# 
#  455 ---- tr_id -         100, rst - 1 load - 0 mode - 1 data_in -  3 data_out -  1 
# 
#  /////////////////////////////////////////////
# Data Verified
# 
#  /////////////////////////////////////////////
# 
#  Input String Message 
# Data from Read Monitor 
# 
#  465 ---- tr_id -         100, rst - 0 load - 0 mode - 0 data_in -  0 data_out -  0 
# 
#  /////////////////////////////////////////////
# 
#  /////////////////////////////////////////////
# 
#  Input String Message reference Model Data 
# 
#  465 ---- tr_id -         100, rst - 1 load - 0 mode - 1 data_in -  2 data_out -  0 
# 
#  /////////////////////////////////////////////
# Data Verified
# 
#  /////////////////////////////////////////////
# 
#  Input String Message 
# Data from Read Monitor 
# 
#  475 ---- tr_id -         100, rst - 0 load - 0 mode - 0 data_in -  0 data_out -  0 
# 
#  /////////////////////////////////////////////
# 
#  /////////////////////////////////////////////
# 
#  Input String Message reference Model Data 
# 
#  475 ---- tr_id -         100, rst - 0 load - 0 mode - 0 data_in -  1 data_out -  0 
# 
#  /////////////////////////////////////////////
# Data Verified
# 
#  /////////////////////////////////////////////
# 
#  Input String Message 
# Data from Read Monitor 
# 
#  485 ---- tr_id -         100, rst - 0 load - 0 mode - 0 data_in -  0 data_out - 11 
# 
#  /////////////////////////////////////////////
# 
#  /////////////////////////////////////////////
# 
#  Input String Message reference Model Data 
# 
#  485 ---- tr_id -         100, rst - 0 load - 0 mode - 1 data_in -  0 data_out - 11 
# 
#  /////////////////////////////////////////////
# Data Verified
# 
#  /////////////////////////////////////////////
# 
#  Input String Message 
# Data from Read Monitor 
# 
#  495 ---- tr_id -         100, rst - 0 load - 0 mode - 0 data_in -  0 data_out -  0 
# 
#  /////////////////////////////////////////////
# 
#  /////////////////////////////////////////////
# 
#  Input String Message reference Model Data 
# 
#  495 ---- tr_id -         100, rst - 0 load - 0 mode - 0 data_in -  7 data_out -  0 
# 
#  /////////////////////////////////////////////
# Data Verified
# 
#  /////////////////////////////////////////////
# 
#  Input String Message 
# Data from Read Monitor 
# 
#  505 ---- tr_id -         100, rst - 0 load - 0 mode - 0 data_in -  0 data_out - 11 
# 
#  /////////////////////////////////////////////
# 
#  /////////////////////////////////////////////
# 
#  Input String Message reference Model Data 
# 
#  505 ---- tr_id -         100, rst - 0 load - 0 mode - 0 data_in - 11 data_out - 11 
# 
#  /////////////////////////////////////////////
# Data Verified
# 
#  /////////////////////////////////////////////
# 
#  Input String Message 
# Data from Read Monitor 
# 
#  515 ---- tr_id -         100, rst - 0 load - 0 mode - 0 data_in -  0 data_out - 10 
# 
#  /////////////////////////////////////////////
# 
#  /////////////////////////////////////////////
# 
#  Input String Message reference Model Data 
# 
#  515 ---- tr_id -         100, rst - 0 load - 0 mode - 0 data_in - 11 data_out - 10 
# 
#  /////////////////////////////////////////////
# Data Verified
# 
#  /////////////////////////////////////////////
# 
#  Input String Message 
# Data from Read Monitor 
# 
#  525 ---- tr_id -         100, rst - 0 load - 0 mode - 0 data_in -  0 data_out -  9 
# 
#  /////////////////////////////////////////////
# 
#  /////////////////////////////////////////////
# 
#  Input String Message reference Model Data 
# 
#  525 ---- tr_id -         100, rst - 0 load - 1 mode - 0 data_in -  9 data_out -  9 
# 
#  /////////////////////////////////////////////
# Data Verified
# 
#  /////////////////////////////////////////////
# 
#  Input String Message 
# Data from Read Monitor 
# 
#  535 ---- tr_id -         100, rst - 0 load - 0 mode - 0 data_in -  0 data_out -  9 
# 
#  /////////////////////////////////////////////
# 
#  /////////////////////////////////////////////
# 
#  Input String Message reference Model Data 
# 
#  535 ---- tr_id -         100, rst - 0 load - 0 mode - 0 data_in - 11 data_out -  9 
# 
#  /////////////////////////////////////////////
# Data Verified
# 
#  /////////////////////////////////////////////
# 
#  Input String Message 
# Data from Read Monitor 
# 
#  545 ---- tr_id -         100, rst - 0 load - 0 mode - 0 data_in -  0 data_out -  8 
# 
#  /////////////////////////////////////////////
# 
#  /////////////////////////////////////////////
# 
#  Input String Message reference Model Data 
# 
#  545 ---- tr_id -         100, rst - 0 load - 0 mode - 0 data_in -  2 data_out -  8 
# 
#  /////////////////////////////////////////////
# Data Verified
# 
#  /////////////////////////////////////////////
# 
#  Input String Message 
# Data from Read Monitor 
# 
#  555 ---- tr_id -         100, rst - 0 load - 0 mode - 0 data_in -  0 data_out -  7 
# 
#  /////////////////////////////////////////////
# 
#  /////////////////////////////////////////////
# 
#  Input String Message reference Model Data 
# 
#  555 ---- tr_id -         100, rst - 0 load - 0 mode - 0 data_in -  7 data_out -  7 
# 
#  /////////////////////////////////////////////
# Data Verified
# 
#  /////////////////////////////////////////////
# 
#  Input String Message 
# Data from Read Monitor 
# 
#  565 ---- tr_id -         100, rst - 0 load - 0 mode - 0 data_in -  0 data_out -  6 
# 
#  /////////////////////////////////////////////
# 
#  /////////////////////////////////////////////
# 
#  Input String Message reference Model Data 
# 
#  565 ---- tr_id -         100, rst - 0 load - 0 mode - 0 data_in - 10 data_out -  6 
# 
#  /////////////////////////////////////////////
# Data Verified
# 
#  /////////////////////////////////////////////
# 
#  Input String Message 
# Data from Read Monitor 
# 
#  575 ---- tr_id -         100, rst - 0 load - 0 mode - 0 data_in -  0 data_out -  5 
# 
#  /////////////////////////////////////////////
# 
#  /////////////////////////////////////////////
# 
#  Input String Message reference Model Data 
# 
#  575 ---- tr_id -         100, rst - 0 load - 1 mode - 0 data_in -  5 data_out -  5 
# 
#  /////////////////////////////////////////////
# Data Verified
# 
#  /////////////////////////////////////////////
# 
#  Input String Message 
# Data from Read Monitor 
# 
#  585 ---- tr_id -         100, rst - 0 load - 0 mode - 0 data_in -  0 data_out -  5 
# 
#  /////////////////////////////////////////////
# 
#  /////////////////////////////////////////////
# 
#  Input String Message reference Model Data 
# 
#  585 ---- tr_id -         100, rst - 0 load - 0 mode - 1 data_in -  5 data_out -  5 
# 
#  /////////////////////////////////////////////
# Data Verified
# 
#  /////////////////////////////////////////////
# 
#  Input String Message 
# Data from Read Monitor 
# 
#  595 ---- tr_id -         100, rst - 0 load - 0 mode - 0 data_in -  0 data_out -  6 
# 
#  /////////////////////////////////////////////
# 
#  /////////////////////////////////////////////
# 
#  Input String Message reference Model Data 
# 
#  595 ---- tr_id -         100, rst - 0 load - 1 mode - 0 data_in -  6 data_out -  6 
# 
#  /////////////////////////////////////////////
# Data Verified
# 
#  /////////////////////////////////////////////
# 
#  Input String Message 
# Data from Read Monitor 
# 
#  605 ---- tr_id -         100, rst - 0 load - 0 mode - 0 data_in -  0 data_out -  6 
# 
#  /////////////////////////////////////////////
# 
#  /////////////////////////////////////////////
# 
#  Input String Message reference Model Data 
# 
#  605 ---- tr_id -         100, rst - 0 load - 0 mode - 1 data_in -  5 data_out -  6 
# 
#  /////////////////////////////////////////////
# Data Verified
# 
#  /////////////////////////////////////////////
# 
#  Input String Message 
# Data from Read Monitor 
# 
#  615 ---- tr_id -         100, rst - 0 load - 0 mode - 0 data_in -  0 data_out -  7 
# 
#  /////////////////////////////////////////////
# 
#  /////////////////////////////////////////////
# 
#  Input String Message reference Model Data 
# 
#  615 ---- tr_id -         100, rst - 0 load - 0 mode - 0 data_in - 10 data_out -  7 
# 
#  /////////////////////////////////////////////
# Data Verified
# 
#  /////////////////////////////////////////////
# 
#  Input String Message 
# Data from Read Monitor 
# 
#  625 ---- tr_id -         100, rst - 0 load - 0 mode - 0 data_in -  0 data_out -  6 
# 
#  /////////////////////////////////////////////
# 
#  /////////////////////////////////////////////
# 
#  Input String Message reference Model Data 
# 
#  625 ---- tr_id -         100, rst - 0 load - 0 mode - 1 data_in - 11 data_out -  6 
# 
#  /////////////////////////////////////////////
# Data Verified
# 
#  /////////////////////////////////////////////
# 
#  Input String Message 
# Data from Read Monitor 
# 
#  635 ---- tr_id -         100, rst - 0 load - 0 mode - 0 data_in -  0 data_out -  7 
# 
#  /////////////////////////////////////////////
# 
#  /////////////////////////////////////////////
# 
#  Input String Message reference Model Data 
# 
#  635 ---- tr_id -         100, rst - 0 load - 0 mode - 1 data_in -  9 data_out -  7 
# 
#  /////////////////////////////////////////////
# Data Verified
# 
#  /////////////////////////////////////////////
# 
#  Input String Message 
# Data from Read Monitor 
# 
#  645 ---- tr_id -         100, rst - 0 load - 0 mode - 0 data_in -  0 data_out -  8 
# 
#  /////////////////////////////////////////////
# 
#  /////////////////////////////////////////////
# 
#  Input String Message reference Model Data 
# 
#  645 ---- tr_id -         100, rst - 1 load - 0 mode - 0 data_in -  5 data_out -  8 
# 
#  /////////////////////////////////////////////
# Data Verified
# 
#  /////////////////////////////////////////////
# 
#  Input String Message 
# Data from Read Monitor 
# 
#  655 ---- tr_id -         100, rst - 0 load - 0 mode - 0 data_in -  0 data_out -  0 
# 
#  /////////////////////////////////////////////
# 
#  /////////////////////////////////////////////
# 
#  Input String Message reference Model Data 
# 
#  655 ---- tr_id -         100, rst - 0 load - 1 mode - 0 data_in -  3 data_out -  0 
# 
#  /////////////////////////////////////////////
# Data Verified
# 
#  /////////////////////////////////////////////
# 
#  Input String Message 
# Data from Read Monitor 
# 
#  665 ---- tr_id -         100, rst - 0 load - 0 mode - 0 data_in -  0 data_out -  3 
# 
#  /////////////////////////////////////////////
# 
#  /////////////////////////////////////////////
# 
#  Input String Message reference Model Data 
# 
#  665 ---- tr_id -         100, rst - 1 load - 0 mode - 0 data_in -  6 data_out -  3 
# 
#  /////////////////////////////////////////////
# Data Verified
# 
#  /////////////////////////////////////////////
# 
#  Input String Message 
# Data from Read Monitor 
# 
#  675 ---- tr_id -         100, rst - 0 load - 0 mode - 0 data_in -  0 data_out -  0 
# 
#  /////////////////////////////////////////////
# 
#  /////////////////////////////////////////////
# 
#  Input String Message reference Model Data 
# 
#  675 ---- tr_id -         100, rst - 0 load - 1 mode - 0 data_in -  9 data_out -  0 
# 
#  /////////////////////////////////////////////
# Data Verified
# 
#  /////////////////////////////////////////////
# 
#  Input String Message 
# Data from Read Monitor 
# 
#  685 ---- tr_id -         100, rst - 0 load - 0 mode - 0 data_in -  0 data_out -  9 
# 
#  /////////////////////////////////////////////
# 
#  /////////////////////////////////////////////
# 
#  Input String Message reference Model Data 
# 
#  685 ---- tr_id -         100, rst - 0 load - 0 mode - 0 data_in -  3 data_out -  9 
# 
#  /////////////////////////////////////////////
# Data Verified
# 
#  /////////////////////////////////////////////
# 
#  Input String Message 
# Data from Read Monitor 
# 
#  695 ---- tr_id -         100, rst - 0 load - 0 mode - 0 data_in -  0 data_out -  8 
# 
#  /////////////////////////////////////////////
# 
#  /////////////////////////////////////////////
# 
#  Input String Message reference Model Data 
# 
#  695 ---- tr_id -         100, rst - 0 load - 0 mode - 1 data_in - 11 data_out -  8 
# 
#  /////////////////////////////////////////////
# Data Verified
# 
#  /////////////////////////////////////////////
# 
#  Input String Message 
# Data from Read Monitor 
# 
#  705 ---- tr_id -         100, rst - 0 load - 0 mode - 0 data_in -  0 data_out -  9 
# 
#  /////////////////////////////////////////////
# 
#  /////////////////////////////////////////////
# 
#  Input String Message reference Model Data 
# 
#  705 ---- tr_id -         100, rst - 0 load - 0 mode - 1 data_in -  4 data_out -  9 
# 
#  /////////////////////////////////////////////
# Data Verified
# 
#  /////////////////////////////////////////////
# 
#  Input String Message 
# Data from Read Monitor 
# 
#  715 ---- tr_id -         100, rst - 0 load - 0 mode - 0 data_in -  0 data_out - 10 
# 
#  /////////////////////////////////////////////
# 
#  /////////////////////////////////////////////
# 
#  Input String Message reference Model Data 
# 
#  715 ---- tr_id -         100, rst - 1 load - 1 mode - 1 data_in -  0 data_out - 10 
# 
#  /////////////////////////////////////////////
# Data Verified
# 
#  /////////////////////////////////////////////
# 
#  Input String Message 
# Data from Read Monitor 
# 
#  725 ---- tr_id -         100, rst - 0 load - 0 mode - 0 data_in -  0 data_out -  0 
# 
#  /////////////////////////////////////////////
# 
#  /////////////////////////////////////////////
# 
#  Input String Message reference Model Data 
# 
#  725 ---- tr_id -         100, rst - 0 load - 0 mode - 1 data_in -  0 data_out -  0 
# 
#  /////////////////////////////////////////////
# Data Verified
# 
#  /////////////////////////////////////////////
# 
#  Input String Message 
# Data from Read Monitor 
# 
#  735 ---- tr_id -         100, rst - 0 load - 0 mode - 0 data_in -  0 data_out -  1 
# 
#  /////////////////////////////////////////////
# 
#  /////////////////////////////////////////////
# 
#  Input String Message reference Model Data 
# 
#  735 ---- tr_id -         100, rst - 0 load - 0 mode - 0 data_in -  0 data_out -  1 
# 
#  /////////////////////////////////////////////
# Data Verified
# 
#  /////////////////////////////////////////////
# 
#  Input String Message 
# Data from Read Monitor 
# 
#  745 ---- tr_id -         100, rst - 0 load - 0 mode - 0 data_in -  0 data_out -  0 
# 
#  /////////////////////////////////////////////
# 
#  /////////////////////////////////////////////
# 
#  Input String Message reference Model Data 
# 
#  745 ---- tr_id -         100, rst - 0 load - 0 mode - 0 data_in - 10 data_out -  0 
# 
#  /////////////////////////////////////////////
# Data Verified
# 
#  /////////////////////////////////////////////
# 
#  Input String Message 
# Data from Read Monitor 
# 
#  755 ---- tr_id -         100, rst - 0 load - 0 mode - 0 data_in -  0 data_out - 11 
# 
#  /////////////////////////////////////////////
# 
#  /////////////////////////////////////////////
# 
#  Input String Message reference Model Data 
# 
#  755 ---- tr_id -         100, rst - 0 load - 0 mode - 0 data_in -  2 data_out - 11 
# 
#  /////////////////////////////////////////////
# Data Verified
# 
#  /////////////////////////////////////////////
# 
#  Input String Message 
# Data from Read Monitor 
# 
#  765 ---- tr_id -         100, rst - 0 load - 0 mode - 0 data_in -  0 data_out - 10 
# 
#  /////////////////////////////////////////////
# 
#  /////////////////////////////////////////////
# 
#  Input String Message reference Model Data 
# 
#  765 ---- tr_id -         100, rst - 0 load - 0 mode - 1 data_in -  1 data_out - 10 
# 
#  /////////////////////////////////////////////
# Data Verified
# 
#  /////////////////////////////////////////////
# 
#  Input String Message 
# Data from Read Monitor 
# 
#  775 ---- tr_id -         100, rst - 0 load - 0 mode - 0 data_in -  0 data_out - 11 
# 
#  /////////////////////////////////////////////
# 
#  /////////////////////////////////////////////
# 
#  Input String Message reference Model Data 
# 
#  775 ---- tr_id -         100, rst - 0 load - 0 mode - 0 data_in -  2 data_out - 11 
# 
#  /////////////////////////////////////////////
# Data Verified
# 
#  /////////////////////////////////////////////
# 
#  Input String Message 
# Data from Read Monitor 
# 
#  785 ---- tr_id -         100, rst - 0 load - 0 mode - 0 data_in -  0 data_out - 10 
# 
#  /////////////////////////////////////////////
# 
#  /////////////////////////////////////////////
# 
#  Input String Message reference Model Data 
# 
#  785 ---- tr_id -         100, rst - 0 load - 1 mode - 1 data_in -  3 data_out - 10 
# 
#  /////////////////////////////////////////////
# Data Verified
# 
#  /////////////////////////////////////////////
# 
#  Input String Message 
# Data from Read Monitor 
# 
#  795 ---- tr_id -         100, rst - 0 load - 0 mode - 0 data_in -  0 data_out -  3 
# 
#  /////////////////////////////////////////////
# 
#  /////////////////////////////////////////////
# 
#  Input String Message reference Model Data 
# 
#  795 ---- tr_id -         100, rst - 0 load - 0 mode - 0 data_in -  6 data_out -  3 
# 
#  /////////////////////////////////////////////
# Data Verified
# 
#  /////////////////////////////////////////////
# 
#  Input String Message 
# Data from Read Monitor 
# 
#  805 ---- tr_id -         100, rst - 0 load - 0 mode - 0 data_in -  0 data_out -  2 
# 
#  /////////////////////////////////////////////
# 
#  /////////////////////////////////////////////
# 
#  Input String Message reference Model Data 
# 
#  805 ---- tr_id -         100, rst - 0 load - 0 mode - 1 data_in -  0 data_out -  2 
# 
#  /////////////////////////////////////////////
# Data Verified
# 
#  /////////////////////////////////////////////
# 
#  Input String Message 
# Data from Read Monitor 
# 
#  815 ---- tr_id -         100, rst - 0 load - 0 mode - 0 data_in -  0 data_out -  3 
# 
#  /////////////////////////////////////////////
# 
#  /////////////////////////////////////////////
# 
#  Input String Message reference Model Data 
# 
#  815 ---- tr_id -         100, rst - 0 load - 0 mode - 1 data_in -  0 data_out -  3 
# 
#  /////////////////////////////////////////////
# Data Verified
# 
#  /////////////////////////////////////////////
# 
#  Input String Message 
# Data from Read Monitor 
# 
#  825 ---- tr_id -         100, rst - 0 load - 0 mode - 0 data_in -  0 data_out -  4 
# 
#  /////////////////////////////////////////////
# 
#  /////////////////////////////////////////////
# 
#  Input String Message reference Model Data 
# 
#  825 ---- tr_id -         100, rst - 0 load - 0 mode - 1 data_in -  7 data_out -  4 
# 
#  /////////////////////////////////////////////
# Data Verified
# 
#  /////////////////////////////////////////////
# 
#  Input String Message 
# Data from Read Monitor 
# 
#  835 ---- tr_id -         100, rst - 0 load - 0 mode - 0 data_in -  0 data_out -  5 
# 
#  /////////////////////////////////////////////
# 
#  /////////////////////////////////////////////
# 
#  Input String Message reference Model Data 
# 
#  835 ---- tr_id -         100, rst - 1 load - 0 mode - 0 data_in - 10 data_out -  5 
# 
#  /////////////////////////////////////////////
# Data Verified
# 
#  /////////////////////////////////////////////
# 
#  Input String Message 
# Data from Read Monitor 
# 
#  845 ---- tr_id -         100, rst - 0 load - 0 mode - 0 data_in -  0 data_out -  0 
# 
#  /////////////////////////////////////////////
# 
#  /////////////////////////////////////////////
# 
#  Input String Message reference Model Data 
# 
#  845 ---- tr_id -         100, rst - 0 load - 1 mode - 1 data_in - 10 data_out -  0 
# 
#  /////////////////////////////////////////////
# Data Verified
# 
#  /////////////////////////////////////////////
# 
#  Input String Message 
# Data from Read Monitor 
# 
#  855 ---- tr_id -         100, rst - 0 load - 0 mode - 0 data_in -  0 data_out - 10 
# 
#  /////////////////////////////////////////////
# 
#  /////////////////////////////////////////////
# 
#  Input String Message reference Model Data 
# 
#  855 ---- tr_id -         100, rst - 1 load - 1 mode - 1 data_in -  8 data_out - 10 
# 
#  /////////////////////////////////////////////
# Data Verified
# 
#  /////////////////////////////////////////////
# 
#  Input String Message 
# Data from Read Monitor 
# 
#  865 ---- tr_id -         100, rst - 0 load - 0 mode - 0 data_in -  0 data_out -  0 
# 
#  /////////////////////////////////////////////
# 
#  /////////////////////////////////////////////
# 
#  Input String Message reference Model Data 
# 
#  865 ---- tr_id -         100, rst - 0 load - 0 mode - 1 data_in - 10 data_out -  0 
# 
#  /////////////////////////////////////////////
# Data Verified
# 
#  /////////////////////////////////////////////
# 
#  Input String Message 
# Data from Read Monitor 
# 
#  875 ---- tr_id -         100, rst - 0 load - 0 mode - 0 data_in -  0 data_out -  1 
# 
#  /////////////////////////////////////////////
# 
#  /////////////////////////////////////////////
# 
#  Input String Message reference Model Data 
# 
#  875 ---- tr_id -         100, rst - 0 load - 0 mode - 1 data_in -  0 data_out -  1 
# 
#  /////////////////////////////////////////////
# Data Verified
# 
#  /////////////////////////////////////////////
# 
#  Input String Message 
# Data from Read Monitor 
# 
#  885 ---- tr_id -         100, rst - 0 load - 0 mode - 0 data_in -  0 data_out -  2 
# 
#  /////////////////////////////////////////////
# 
#  /////////////////////////////////////////////
# 
#  Input String Message reference Model Data 
# 
#  885 ---- tr_id -         100, rst - 0 load - 0 mode - 1 data_in -  7 data_out -  2 
# 
#  /////////////////////////////////////////////
# Data Verified
# 
#  /////////////////////////////////////////////
# 
#  Input String Message 
# Data from Read Monitor 
# 
#  895 ---- tr_id -         100, rst - 0 load - 0 mode - 0 data_in -  0 data_out -  3 
# 
#  /////////////////////////////////////////////
# 
#  /////////////////////////////////////////////
# 
#  Input String Message reference Model Data 
# 
#  895 ---- tr_id -         100, rst - 0 load - 0 mode - 1 data_in -  6 data_out -  3 
# 
#  /////////////////////////////////////////////
# Data Verified
# 
#  /////////////////////////////////////////////
# 
#  Input String Message 
# Data from Read Monitor 
# 
#  905 ---- tr_id -         100, rst - 0 load - 0 mode - 0 data_in -  0 data_out -  4 
# 
#  /////////////////////////////////////////////
# 
#  /////////////////////////////////////////////
# 
#  Input String Message reference Model Data 
# 
#  905 ---- tr_id -         100, rst - 0 load - 0 mode - 1 data_in -  4 data_out -  4 
# 
#  /////////////////////////////////////////////
# Data Verified
# 
#  /////////////////////////////////////////////
# 
#  Input String Message 
# Data from Read Monitor 
# 
#  915 ---- tr_id -         100, rst - 0 load - 0 mode - 0 data_in -  0 data_out -  5 
# 
#  /////////////////////////////////////////////
# 
#  /////////////////////////////////////////////
# 
#  Input String Message reference Model Data 
# 
#  915 ---- tr_id -         100, rst - 0 load - 0 mode - 1 data_in - 10 data_out -  5 
# 
#  /////////////////////////////////////////////
# Data Verified
# 
#  /////////////////////////////////////////////
# 
#  Input String Message 
# Data from Read Monitor 
# 
#  925 ---- tr_id -         100, rst - 0 load - 0 mode - 0 data_in -  0 data_out -  6 
# 
#  /////////////////////////////////////////////
# 
#  /////////////////////////////////////////////
# 
#  Input String Message reference Model Data 
# 
#  925 ---- tr_id -         100, rst - 0 load - 0 mode - 1 data_in -  9 data_out -  6 
# 
#  /////////////////////////////////////////////
# Data Verified
# 
#  /////////////////////////////////////////////
# 
#  Input String Message 
# Data from Read Monitor 
# 
#  935 ---- tr_id -         100, rst - 0 load - 0 mode - 0 data_in -  0 data_out -  7 
# 
#  /////////////////////////////////////////////
# 
#  /////////////////////////////////////////////
# 
#  Input String Message reference Model Data 
# 
#  935 ---- tr_id -         100, rst - 0 load - 0 mode - 1 data_in -  6 data_out -  7 
# 
#  /////////////////////////////////////////////
# Data Verified
# 
#  /////////////////////////////////////////////
# 
#  Input String Message 
# Data from Read Monitor 
# 
#  945 ---- tr_id -         100, rst - 0 load - 0 mode - 0 data_in -  0 data_out -  8 
# 
#  /////////////////////////////////////////////
# 
#  /////////////////////////////////////////////
# 
#  Input String Message reference Model Data 
# 
#  945 ---- tr_id -         100, rst - 0 load - 0 mode - 0 data_in -  7 data_out -  8 
# 
#  /////////////////////////////////////////////
# Data Verified
# 
#  /////////////////////////////////////////////
# 
#  Input String Message 
# Data from Read Monitor 
# 
#  955 ---- tr_id -         100, rst - 0 load - 0 mode - 0 data_in -  0 data_out -  7 
# 
#  /////////////////////////////////////////////
# 
#  /////////////////////////////////////////////
# 
#  Input String Message reference Model Data 
# 
#  955 ---- tr_id -         100, rst - 0 load - 1 mode - 0 data_in -  6 data_out -  7 
# 
#  /////////////////////////////////////////////
# Data Verified
# 
#  /////////////////////////////////////////////
# 
#  Input String Message 
# Data from Read Monitor 
# 
#  965 ---- tr_id -         100, rst - 0 load - 0 mode - 0 data_in -  0 data_out -  6 
# 
#  /////////////////////////////////////////////
# 
#  /////////////////////////////////////////////
# 
#  Input String Message reference Model Data 
# 
#  965 ---- tr_id -         100, rst - 0 load - 0 mode - 0 data_in - 10 data_out -  6 
# 
#  /////////////////////////////////////////////
# Data Verified
# 
#  /////////////////////////////////////////////
# 
#  Input String Message 
# Data from Read Monitor 
# 
#  975 ---- tr_id -         100, rst - 0 load - 0 mode - 0 data_in -  0 data_out -  5 
# 
#  /////////////////////////////////////////////
# 
#  /////////////////////////////////////////////
# 
#  Input String Message reference Model Data 
# 
#  975 ---- tr_id -         100, rst - 0 load - 0 mode - 0 data_in -  6 data_out -  5 
# 
#  /////////////////////////////////////////////
# Data Verified
# 
#  /////////////////////////////////////////////
# 
#  Input String Message 
# Data from Read Monitor 
# 
#  985 ---- tr_id -         100, rst - 0 load - 0 mode - 0 data_in -  0 data_out -  4 
# 
#  /////////////////////////////////////////////
# 
#  /////////////////////////////////////////////
# 
#  Input String Message reference Model Data 
# 
#  985 ---- tr_id -         100, rst - 0 load - 0 mode - 0 data_in -  1 data_out -  4 
# 
#  /////////////////////////////////////////////
# Data Verified
# 
#  /////////////////////////////////////////////
# 
#  Input String Message 
# Data from Read Monitor 
# 
#  995 ---- tr_id -         100, rst - 0 load - 0 mode - 0 data_in -  0 data_out -  3 
# 
#  /////////////////////////////////////////////
# 
#  /////////////////////////////////////////////
# 
#  Input String Message reference Model Data 
# 
#  995 ---- tr_id -         100, rst - 0 load - 1 mode - 0 data_in -  0 data_out -  3 
# 
#  /////////////////////////////////////////////
# Data Verified
# 
#  //////////////////SCOREBOARD REPORT//////////////////////////
# 
#  Data Matched : 97
# Data Mismatched : 3
# Data Verified: 100
# 
#  Coverage is : 100.000
# 
#  //////////////////SCOREBOARD REPORT//////////////////////////
# ** Note: $finish    : mod12counter.sv(529)
#    Time: 995 ns  Iteration: 6  Instance: /top
# End time: 22:48:14 on Dec 06,2024, Elapsed time: 0:00:02
# Errors: 0, Warnings: 0
